\BOOKMARK [1][-]{section.1}{Introduction}{}% 1
\BOOKMARK [1][-]{section.2}{Problem\040and\040notation}{}% 2
\BOOKMARK [2][-]{subsection.2.1}{stationary\040diffusion\040problems}{section.2}% 3
\BOOKMARK [2][-]{subsection.2.2}{Prime\040and\040dual\040mesh}{section.2}% 4
\BOOKMARK [1][-]{section.3}{Construction\040of\040the\040scheme}{}% 5
\BOOKMARK [2][-]{subsection.3.1}{A\040general\040form\040of\040edge\040centered\040finite\040volume\040scheme}{section.3}% 6
\BOOKMARK [2][-]{subsection.3.2}{Construction\040basing\040on\040vector\040decomposition}{section.3}% 7
\BOOKMARK [2][-]{subsection.3.3}{Construction\040basing\040on\040matrix\040stabilization}{section.3}% 8
\BOOKMARK [1][-]{section.4}{Analysis\040of\040Edge-Centered\040Schemes}{}% 9
\BOOKMARK [2][-]{subsection.4.1}{Convergence\040analysis}{section.4}% 10
\BOOKMARK [2][-]{subsection.4.2}{Two\040special\040cases\040of\040the\040scheme}{section.4}% 11
\BOOKMARK [3][-]{subsubsection.4.2.1}{Edge\040centered\040scheme\040on\040triangular\040mesh}{subsection.4.2}% 12
\BOOKMARK [3][-]{subsubsection.4.2.2}{Edge\040based\040scheme\040on\040uniform\040mesh}{subsection.4.2}% 13
\BOOKMARK [1][-]{section.5}{Numerical\040experiments}{}% 14
\BOOKMARK [2][-]{subsection.5.1}{Linear\040preserving}{section.5}% 15
\BOOKMARK [2][-]{subsection.5.2}{Unstructured\040meshes}{section.5}% 16
\BOOKMARK [2][-]{subsection.5.3}{Accuracy\040of\040edge\040centered\040schemes}{section.5}% 17
\BOOKMARK [2][-]{subsection.5.4}{Anisotropic\040diffusion\040problems}{section.5}% 18
\BOOKMARK [2][-]{subsection.5.5}{Heterogeneous\040diffusion\040problems}{section.5}% 19
\BOOKMARK [2][-]{subsection.5.6}{Robustness\040on\040Heterogeneous\040rotating\040anisotropy}{section.5}% 20
\BOOKMARK [1][-]{section.6}{Conclusion}{}% 21
